<?xml version="1.0" encoding="UTF-8"?>
<!-- Generated by org.testng.reporters.JUnitXMLReporter -->
<testsuite ignored="0" hostname="DESKTOP-4TF7BK4" failures="3" tests="6" name="Login" time="179.54" errors="0" timestamp="2024-03-07T16:14:34 PKT">
  <testcase classname="Package2.baseClass" name="LaunchApp" time="34.575"/>
  <testcase classname="Package2.baseClass" name="LoginDev" time="54.726"/>
  <testcase classname="Package2.Add_New_Music" name="AddMusic" time="77.69">
    <failure type="org.openqa.selenium.TimeoutException" message="Expected condition failed: waiting for text (&amp;apos;Song is uplaoded and thumbnail created successfully!&amp;apos;) to be present in element [[[[ChromeDriver: chrome on windows (fc8598018731ff296b3c61689b6c8803)] -&amp;gt; xpath: //div[@id=&amp;apos;my_music_upload&amp;apos;]//div[@class=&amp;apos;modal-content&amp;apos;]]] -&amp;gt; xpath: //div[@id=&amp;apos;music_upload_modal&amp;apos;]//div[@class=&amp;apos;modal-body&amp;apos;]] (tried for 20 second(s) with 500 milliseconds interval)
Build info: version: &amp;apos;4.17.0&amp;apos;, revision: &amp;apos;e52b1be057*&amp;apos;
System info: os.name: &amp;apos;Windows 11&amp;apos;, os.arch: &amp;apos;amd64&amp;apos;, os.version: &amp;apos;10.0&amp;apos;, java.version: &amp;apos;17.0.9&amp;apos;
Driver info: org.openqa.selenium.chrome.ChromeDriver
Capabilities {acceptInsecureCerts: false, browserName: chrome, browserVersion: 122.0.6261.95, chrome: {chromedriverVersion: 122.0.6261.94 (880dbf29479c..., userDataDir: C:\Users\SHEKHA~1\AppData\L...}, fedcm:accounts: true, goog:chromeOptions: {debuggerAddress: localhost:50907}, networkConnectionEnabled: false, pageLoadStrategy: normal, platformName: windows, proxy: Proxy(), se:cdp: ws://localhost:50907/devtoo..., se:cdpVersion: 122.0.6261.95, setWindowRect: true, strictFileInteractability: false, timeouts: {implicit: 0, pageLoad: 300000, script: 30000}, unhandledPromptBehavior: dismiss and notify, webauthn:extension:credBlob: true, webauthn:extension:largeBlob: true, webauthn:extension:minPinLength: true, webauthn:extension:prf: true, webauthn:virtualAuthenticators: true}
Session ID: fc8598018731ff296b3c61689b6c8803">
      <![CDATA[org.openqa.selenium.TimeoutException: Expected condition failed: waiting for text ('Song is uplaoded and thumbnail created successfully!') to be present in element [[[[ChromeDriver: chrome on windows (fc8598018731ff296b3c61689b6c8803)] -> xpath: //div[@id='my_music_upload']//div[@class='modal-content']]] -> xpath: //div[@id='music_upload_modal']//div[@class='modal-body']] (tried for 20 second(s) with 500 milliseconds interval)
Build info: version: '4.17.0', revision: 'e52b1be057*'
System info: os.name: 'Windows 11', os.arch: 'amd64', os.version: '10.0', java.version: '17.0.9'
Driver info: org.openqa.selenium.chrome.ChromeDriver
Capabilities {acceptInsecureCerts: false, browserName: chrome, browserVersion: 122.0.6261.95, chrome: {chromedriverVersion: 122.0.6261.94 (880dbf29479c..., userDataDir: C:\Users\SHEKHA~1\AppData\L...}, fedcm:accounts: true, goog:chromeOptions: {debuggerAddress: localhost:50907}, networkConnectionEnabled: false, pageLoadStrategy: normal, platformName: windows, proxy: Proxy(), se:cdp: ws://localhost:50907/devtoo..., se:cdpVersion: 122.0.6261.95, setWindowRect: true, strictFileInteractability: false, timeouts: {implicit: 0, pageLoad: 300000, script: 30000}, unhandledPromptBehavior: dismiss and notify, webauthn:extension:credBlob: true, webauthn:extension:largeBlob: true, webauthn:extension:minPinLength: true, webauthn:extension:prf: true, webauthn:virtualAuthenticators: true}
Session ID: fc8598018731ff296b3c61689b6c8803
at org.openqa.selenium.support.ui.WebDriverWait.timeoutException(WebDriverWait.java:84)
at org.openqa.selenium.support.ui.FluentWait.until(FluentWait.java:228)
at Package2.Add_New_Music.AddMusic(Add_New_Music.java:226)
at java.base/java.util.ArrayList.forEach(ArrayList.java:1511)
... Removed 27 stack frames]]>
    </failure>
  </testcase> <!-- AddMusic -->
  <testcase classname="Package2.Add_New_Music" name="VerifyAddMusic" time="0.001"/>
  <testcase classname="Package2.Add_New_Music_Album" name="AddMusicAlbum" time="0.003">
    <failure type="java.lang.NullPointerException" message="Cannot invoke &amp;quot;org.openqa.selenium.WebDriver.findElement(org.openqa.selenium.By)&amp;quot; because &amp;quot;Package2.Add_New_Music_Album.driver&amp;quot; is null">
      <![CDATA[java.lang.NullPointerException: Cannot invoke "org.openqa.selenium.WebDriver.findElement(org.openqa.selenium.By)" because "Package2.Add_New_Music_Album.driver" is null
at Package2.Add_New_Music_Album.AddMusicAlbum(Add_New_Music_Album.java:31)
at java.base/java.util.ArrayList.forEach(ArrayList.java:1511)
... Removed 27 stack frames]]>
    </failure>
  </testcase> <!-- AddMusicAlbum -->
  <testcase classname="Package2.Add_New_Music_Playlist" name="AddMusicPlaylist" time="9.004">
    <failure type="java.lang.IllegalArgumentException" message="Input must be set">
      <![CDATA[java.lang.IllegalArgumentException: Input must be set
at org.openqa.selenium.internal.Require.nonNull(Require.java:60)
at org.openqa.selenium.support.ui.FluentWait.<init>(FluentWait.java:92)
at org.openqa.selenium.support.ui.WebDriverWait.<init>(WebDriverWait.java:74)
at org.openqa.selenium.support.ui.WebDriverWait.<init>(WebDriverWait.java:43)
at Package2.Add_New_Music_Playlist.AddMusicPlaylist(Add_New_Music_Playlist.java:36)
at java.base/java.util.ArrayList.forEach(ArrayList.java:1511)
... Removed 27 stack frames]]>
    </failure>
  </testcase> <!-- AddMusicPlaylist -->
</testsuite> <!-- Login -->
